<?xml version="1.0" encoding="UTF-8"?>
<robot generator="Robot 4.0.2 (Python 3.9.5 on win32)" generated="20210715 18:34:40.958" rpa="false" schemaversion="2">
<suite id="s1" name="Testyoutube" source="D:\automate-testing\youtube\testyoutube.robot">
<test id="s1-t1" name="เข้าเว็บ">
<kw name="Open Browser" library="Selenium2Library">
<arg>${url}</arg>
<arg>chrome</arg>
<doc>Opens a new browser instance to the optional ``url``.</doc>
<msg timestamp="20210715 18:34:41.240" level="INFO">Opening browser 'chrome' to base url 'https://www.youtube.com'.</msg>
<status status="PASS" starttime="20210715 18:34:41.239" endtime="20210715 18:34:49.846"/>
</kw>
<kw name="Title Should Be" library="Selenium2Library">
<arg>${title}</arg>
<doc>Verifies that the current page title equals ``title``.</doc>
<msg timestamp="20210715 18:34:49.860" level="INFO">Page title is 'YouTube'.</msg>
<status status="PASS" starttime="20210715 18:34:49.847" endtime="20210715 18:34:49.860"/>
</kw>
<tag>success</tag>
<status status="PASS" starttime="20210715 18:34:41.238" endtime="20210715 18:34:49.860"/>
</test>
<test id="s1-t2" name="ค้นหา">
<kw name="Input Text" library="Selenium2Library">
<arg>${box_search}</arg>
<arg>${text_search}</arg>
<doc>Types the given ``text`` into the text field identified by ``locator``.</doc>
<msg timestamp="20210715 18:34:49.866" level="INFO">Typing text 'Robot framework' into text field '//input[@id="search"]'.</msg>
<status status="PASS" starttime="20210715 18:34:49.866" endtime="20210715 18:34:50.027"/>
</kw>
<tag>success</tag>
<status status="PASS" starttime="20210715 18:34:49.865" endtime="20210715 18:34:50.028"/>
</test>
<test id="s1-t3" name="้ทำการค้นหา">
<kw name="Click Element" library="Selenium2Library">
<arg>${btn_search}</arg>
<doc>Click the element identified by ``locator``.</doc>
<msg timestamp="20210715 18:34:50.028" level="INFO">Clicking element '//*[@id="search-icon-legacy"]'.</msg>
<status status="PASS" starttime="20210715 18:34:50.028" endtime="20210715 18:34:51.368"/>
</kw>
<kw name="Sleep" library="BuiltIn">
<arg>1s</arg>
<doc>Pauses the test executed for the given time.</doc>
<msg timestamp="20210715 18:34:52.369" level="INFO">Slept 1 second</msg>
<status status="PASS" starttime="20210715 18:34:51.369" endtime="20210715 18:34:52.369"/>
</kw>
<kw name="Title Should Be" library="Selenium2Library">
<arg>${text_search} - ${title}</arg>
<doc>Verifies that the current page title equals ``title``.</doc>
<msg timestamp="20210715 18:34:52.382" level="INFO">Page title is 'Robot framework - YouTube'.</msg>
<status status="PASS" starttime="20210715 18:34:52.369" endtime="20210715 18:34:52.382"/>
</kw>
<tag>success</tag>
<status status="PASS" starttime="20210715 18:34:50.028" endtime="20210715 18:34:52.382"/>
</test>
<test id="s1-t4" name="เข้าดู Video">
<kw name="Sleep" library="BuiltIn">
<arg>1s</arg>
<doc>Pauses the test executed for the given time.</doc>
<msg timestamp="20210715 18:34:53.396" level="INFO">Slept 1 second</msg>
<status status="PASS" starttime="20210715 18:34:52.391" endtime="20210715 18:34:53.396"/>
</kw>
<kw name="Click Element" library="Selenium2Library">
<arg>//*[@id="dismissible"]</arg>
<doc>Click the element identified by ``locator``.</doc>
<msg timestamp="20210715 18:34:53.398" level="INFO">Clicking element '//*[@id="dismissible"]'.</msg>
<status status="PASS" starttime="20210715 18:34:53.397" endtime="20210715 18:34:53.675"/>
</kw>
<kw name="Sleep" library="BuiltIn">
<arg>10s</arg>
<doc>Pauses the test executed for the given time.</doc>
<msg timestamp="20210715 18:35:03.682" level="INFO">Slept 10 seconds</msg>
<status status="PASS" starttime="20210715 18:34:53.675" endtime="20210715 18:35:03.682"/>
</kw>
<status status="PASS" starttime="20210715 18:34:52.382" endtime="20210715 18:35:03.684"/>
</test>
<kw name="Close Browser" library="Selenium2Library" type="TEARDOWN">
<doc>Closes the current browser.</doc>
<status status="PASS" starttime="20210715 18:35:03.689" endtime="20210715 18:35:05.774"/>
</kw>
<status status="PASS" starttime="20210715 18:34:40.963" endtime="20210715 18:35:05.774"/>
</suite>
<statistics>
<total>
<stat pass="4" fail="0" skip="0">All Tests</stat>
</total>
<tag>
<stat pass="3" fail="0" skip="0">success</stat>
</tag>
<suite>
<stat pass="4" fail="0" skip="0" id="s1" name="Testyoutube">Testyoutube</stat>
</suite>
</statistics>
<errors>
</errors>
</robot>
