<?xml version="1.0" encoding="UTF-8"?>
<robot generator="Robot 4.0.2 (Python 3.9.5 on win32)" generated="20210715 17:40:09.532" rpa="false" schemaversion="2">
<suite id="s1" name="Testyoutube" source="D:\automate-testing\youtube\testyoutube.robot">
<test id="s1-t1" name="เข้าเว็บ">
<kw name="Open Browser" library="Selenium2Library">
<arg>${url}</arg>
<arg>chrome</arg>
<doc>Opens a new browser instance to the optional ``url``.</doc>
<msg timestamp="20210715 17:40:09.752" level="INFO">Opening browser 'chrome' to base url 'https://www.youtube.com'.</msg>
<status status="PASS" starttime="20210715 17:40:09.752" endtime="20210715 17:40:17.279"/>
</kw>
<kw name="Title Should Be" library="Selenium2Library">
<arg>${title}</arg>
<doc>Verifies that the current page title equals ``title``.</doc>
<msg timestamp="20210715 17:40:17.287" level="INFO">Page title is 'YouTube'.</msg>
<status status="PASS" starttime="20210715 17:40:17.280" endtime="20210715 17:40:17.287"/>
</kw>
<tag>success</tag>
<status status="PASS" starttime="20210715 17:40:09.751" endtime="20210715 17:40:17.287"/>
</test>
<test id="s1-t2" name="ค้นหา">
<kw name="Input Text" library="Selenium2Library">
<arg>${box_search}</arg>
<arg>${text_search}</arg>
<doc>Types the given ``text`` into the text field identified by ``locator``.</doc>
<msg timestamp="20210715 17:40:17.290" level="INFO">Typing text 'Robot framework' into text field '//input[@id="search"]'.</msg>
<status status="PASS" starttime="20210715 17:40:17.287" endtime="20210715 17:40:17.446"/>
</kw>
<tag>success</tag>
<status status="PASS" starttime="20210715 17:40:17.287" endtime="20210715 17:40:17.446"/>
</test>
<test id="s1-t3" name="้ทำการค้นหา">
<kw name="Click Element" library="Selenium2Library">
<arg>${btn_search}</arg>
<doc>Click the element identified by ``locator``.</doc>
<msg timestamp="20210715 17:40:17.447" level="INFO">Clicking element '//*[@id="search-icon-legacy"]'.</msg>
<status status="PASS" starttime="20210715 17:40:17.447" endtime="20210715 17:40:19.070"/>
</kw>
<kw name="Sleep" library="BuiltIn">
<arg>1s</arg>
<doc>Pauses the test executed for the given time.</doc>
<msg timestamp="20210715 17:40:20.075" level="INFO">Slept 1 second</msg>
<status status="PASS" starttime="20210715 17:40:19.071" endtime="20210715 17:40:20.076"/>
</kw>
<kw name="Title Should Be" library="Selenium2Library">
<arg>${text_search} - ${title}</arg>
<doc>Verifies that the current page title equals ``title``.</doc>
<msg timestamp="20210715 17:40:20.085" level="INFO">Page title is 'Robot framework - YouTube'.</msg>
<status status="PASS" starttime="20210715 17:40:20.077" endtime="20210715 17:40:20.085"/>
</kw>
<tag>success</tag>
<status status="PASS" starttime="20210715 17:40:17.447" endtime="20210715 17:40:20.087"/>
</test>
<test id="s1-t4" name="เข้าดู Video">
<kw name="Sleep" library="BuiltIn">
<arg>1s</arg>
<doc>Pauses the test executed for the given time.</doc>
<msg timestamp="20210715 17:40:21.098" level="INFO">Slept 1 second</msg>
<status status="PASS" starttime="20210715 17:40:20.092" endtime="20210715 17:40:21.098"/>
</kw>
<kw name="Click Element" library="Selenium2Library">
<arg>//ytd-video-renderer</arg>
<doc>Click the element identified by ``locator``.</doc>
<msg timestamp="20210715 17:40:21.101" level="INFO">Clicking element '//ytd-video-renderer'.</msg>
<status status="PASS" starttime="20210715 17:40:21.100" endtime="20210715 17:40:21.288"/>
</kw>
<kw name="Sleep" library="BuiltIn">
<arg>10s</arg>
<doc>Pauses the test executed for the given time.</doc>
<msg timestamp="20210715 17:40:31.295" level="INFO">Slept 10 seconds</msg>
<status status="PASS" starttime="20210715 17:40:21.289" endtime="20210715 17:40:31.295"/>
</kw>
<status status="PASS" starttime="20210715 17:40:20.090" endtime="20210715 17:40:31.297"/>
</test>
<kw name="Close Browser" library="Selenium2Library" type="TEARDOWN">
<doc>Closes the current browser.</doc>
<status status="PASS" starttime="20210715 17:40:31.304" endtime="20210715 17:40:34.724"/>
</kw>
<status status="PASS" starttime="20210715 17:40:09.533" endtime="20210715 17:40:34.724"/>
</suite>
<statistics>
<total>
<stat pass="4" fail="0" skip="0">All Tests</stat>
</total>
<tag>
<stat pass="3" fail="0" skip="0">success</stat>
</tag>
<suite>
<stat pass="4" fail="0" skip="0" id="s1" name="Testyoutube">Testyoutube</stat>
</suite>
</statistics>
<errors>
</errors>
</robot>
